C51 COMPILER V9.59.0.0   ALARM                                                             03/19/2019 19:43:44 PAGE 1   


C51 COMPILER V9.59.0.0, COMPILATION OF MODULE ALARM
OBJECT MODULE PLACED IN .\Objects\alarm.obj
COMPILER INVOKED BY: E:\Programs\keil9\C51\BIN\C51.EXE alarm.c OPTIMIZE(8,SPEED) BROWSE DEBUG OBJECTEXTEND PRINT(.\Listi
                    -ngs\alarm.lst) TABS(2) OBJECT(.\Objects\alarm.obj)

line level    source

   1          #include"alarm.h"
   2          #include"alarm_cfg.h"
   3          #include<reg51.h>
   4          void buzz(){
   5   1        unsigned char i;
   6   1        for(i=0;i<3000;i++){  
   7   2          BUZZER_PIN=0x00;
   8   2          delay100us(5);  
   9   2          BUZZER_PIN=0x01;
  10   2        }
  11   1      }
  12          
  13          void buzz_by_frequency(int freq){
  14   1        char i;
  15   1        float t = 1.0/freq;
  16   1        for(i=0;i<3000;i++){
  17   2          BUZZER_PIN=~BUZZER_PIN;
  18   2          delay100us(t*10000/2);
  19   2        }
  20   1      }
  21          
  22          void delay1ms(int t0){
  23   1        int t = t0*921;
  24   1        while(t--);
  25   1      }
  26          
  27          void delay100us(float t1){
*** WARNING C235 IN LINE 27 OF alarm.c: parameter 1: different types
  28   1        int t = (int)t1*93;
  29   1        while(t--);
  30   1      }


MODULE INFORMATION:   STATIC OVERLAYABLE
   CODE SIZE        =    165    ----
   CONSTANT SIZE    =   ----    ----
   XDATA SIZE       =   ----    ----
   PDATA SIZE       =   ----    ----
   DATA SIZE        =   ----       6
   IDATA SIZE       =   ----    ----
   BIT SIZE         =   ----    ----
END OF MODULE INFORMATION.


C51 COMPILATION COMPLETE.  1 WARNING(S),  0 ERROR(S)
