C51 COMPILER V9.59.0.0   KEY_BOARD                                                         03/25/2019 17:20:26 PAGE 1   


C51 COMPILER V9.59.0.0, COMPILATION OF MODULE KEY_BOARD
OBJECT MODULE PLACED IN .\Objects\key_board.obj
COMPILER INVOKED BY: E:\Programs\keil9\C51\BIN\C51.EXE ..\键盘\key_board.c OPTIMIZE(8,SPEED) BROWSE DEBUG OBJECTEXTEND P
                    -RINT(.\Listings\key_board.lst) TABS(2) OBJECT(.\Objects\key_board.obj)

line level    source

   1          #include"key_board.h"
   2          #include"C:\Users\CreaQi\OneDrive\文档\课程\单片机\uVision_Project\led显示字符\led_display.h"
   3          
   4          char get_key(){
   5   1        char row,col,ret;
   6   1        //使用P0-KEY_PIN输出0
   7   1        KEY_PIN=0xf0;
   8   1        if(KEY_PIN!=0xf0){
   9   2        //消除抖动
  10   2        key_shake_eliminate();
  11   2        //确实有键按下了
  12   2        if(KEY_PIN!=0xF0){
  13   3          //行用做输入，列作为输出
  14   3          KEY_PIN=0xf0;
  15   3          if(L1==0) col = 1;
  16   3          else if(L2==0) col = 2;
  17   3          else col = 3;
  18   3          //列作为输入，行输出
  19   3          KEY_PIN = 0x0f;
  20   3          if(R1==0) row =0;
  21   3          else if(R2==0) row =1;
  22   3          else if(R3==0) row =2;
  23   3          else row = 3; 
  24   3          
  25   3          ret = row*3+col;    
  26   3          //根据ret得到数字对应的字符串
  27   3          switch(ret){      
  28   4            case 1:
  29   4              return '1';
  30   4            break;
  31   4            
  32   4            case 2:
  33   4              return '2';
  34   4            break;
  35   4            
  36   4            case 3:
  37   4              return '3';
  38   4            break;
  39   4            
  40   4            case 4:
  41   4              return '4';
  42   4            break;
  43   4            
  44   4            case 5:
  45   4              return '5';
  46   4            break;
  47   4            
  48   4            case 6:
  49   4              return '6';
  50   4            break;
  51   4            
  52   4            case 7:
  53   4              return '7';
  54   4            break;
C51 COMPILER V9.59.0.0   KEY_BOARD                                                         03/25/2019 17:20:26 PAGE 2   

  55   4            
  56   4            case 8:
  57   4              return '8';
  58   4            break;
  59   4            
  60   4            case 9:
  61   4              return '9';
  62   4            break;
  63   4      
  64   4            case 10:
  65   4              return -2;
  66   4            break;
  67   4            
  68   4            case 11:
  69   4              return '0';
  70   4            break;
  71   4            
  72   4            case 12:
  73   4              return -3;
  74   4            break;
  75   4          }
  76   3        }
  77   2      }
  78   1        return -1;
  79   1        
  80   1        
  81   1      }
  82          
  83          void key_shake_eliminate(){
  84   1        int tmp = 930*3;
  85   1        while(tmp--){
  86   2          //if(tmp%2==)
  87   2          //led_display_scan();
  88   2        }
  89   1      }
  90          
  91          /*void delay(int t){
  92            while(--t);
  93          }*/


MODULE INFORMATION:   STATIC OVERLAYABLE
   CODE SIZE        =    197    ----
   CONSTANT SIZE    =   ----    ----
   XDATA SIZE       =   ----    ----
   PDATA SIZE       =   ----    ----
   DATA SIZE        =   ----       2
   IDATA SIZE       =   ----    ----
   BIT SIZE         =   ----    ----
END OF MODULE INFORMATION.


C51 COMPILATION COMPLETE.  0 WARNING(S),  0 ERROR(S)
